d:\files\vcworkspace\opencv453\opencv453\x64\release\vc142.pdb
d:\files\vcworkspace\opencv453\opencv453\x64\release\quickdemo.obj
d:\files\vcworkspace\opencv453\opencv453\x64\release\main.obj
d:\files\vcworkspace\opencv453\opencv453\x64\release\basicdrawing.obj
d:\files\learningmaterials\firstsemesterofjunioryear\computationgeometry\code_vs\opencv453\opencv453\x64\release\vc142.pdb
d:\files\learningmaterials\firstsemesterofjunioryear\computationgeometry\code_vs\opencv453\opencv453\x64\release\main.obj
d:\files\learningmaterials\firstsemesterofjunioryear\computationgeometry\code_vs\opencv453\opencv453\x64\release\ocvfunctiondefine.obj
d:\files\learningmaterials\firstsemesterofjunioryear\computationgeometry\code_vs\opencv453\opencv453\x64\release\cgfunctiondefine.obj
d:\files\vcworkspace\opencv453\x64\release\opencv453.exe
d:\files\vcworkspace\opencv453\opencv453\x64\release\opencv453.ipdb
d:\files\vcworkspace\opencv453\opencv453\x64\release\opencv453.iobj
d:\files\vcworkspace\opencv453\x64\release\opencv453.pdb
d:\files\learningmaterials\firstsemesterofjunioryear\computationgeometry\code_vs\opencv453\x64\release\opencv453.exe
d:\files\learningmaterials\firstsemesterofjunioryear\computationgeometry\code_vs\opencv453\opencv453\x64\release\opencv453.ipdb
d:\files\learningmaterials\firstsemesterofjunioryear\computationgeometry\code_vs\opencv453\opencv453\x64\release\opencv453.iobj
d:\files\learningmaterials\firstsemesterofjunioryear\computationgeometry\code_vs\opencv453\x64\release\opencv453.pdb
d:\files\learningmaterials\firstsemesterofjunioryear\computationgeometry\code_vs\opencv453\opencv453\x64\release\basicdrawing.obj
d:\files\learningmaterials\firstsemesterofjunioryear\computationgeometry\code_vs\opencv453\opencv453\x64\release\quickdemo.obj
d:\files\learningmaterials\firstsemesterofjunioryear\computationgeometry\code_vs\opencv453\opencv453\x64\release\opencv453.tlog\cl.command.1.tlog
d:\files\learningmaterials\firstsemesterofjunioryear\computationgeometry\code_vs\opencv453\opencv453\x64\release\opencv453.tlog\cl.read.1.tlog
d:\files\learningmaterials\firstsemesterofjunioryear\computationgeometry\code_vs\opencv453\opencv453\x64\release\opencv453.tlog\cl.write.1.tlog
d:\files\learningmaterials\firstsemesterofjunioryear\computationgeometry\code_vs\opencv453\opencv453\x64\release\opencv453.tlog\link.command.1.tlog
d:\files\learningmaterials\firstsemesterofjunioryear\computationgeometry\code_vs\opencv453\opencv453\x64\release\opencv453.tlog\link.read.1.tlog
d:\files\learningmaterials\firstsemesterofjunioryear\computationgeometry\code_vs\opencv453\opencv453\x64\release\opencv453.tlog\link.write.1.tlog
